<?xml version="1.0" encoding="UTF-8"?>
<testng-results skipped="0" failed="0" ignored="0" total="1" passed="1">
  <reporter-output>
  </reporter-output>
  <suite name="Suite" duration-ms="24078" started-at="2020-03-28T08:45:25Z" finished-at="2020-03-28T08:45:49Z">
    <groups>
    </groups>
    <test name="chrome-test" duration-ms="24078" started-at="2020-03-28T08:45:25Z" finished-at="2020-03-28T08:45:49Z">
      <class name="com.cts.basepaget.TestMainPage">
        <test-method status="PASS" signature="launchbrowser()[pri:0, instance:com.cts.basepaget.TestMainPage@7a9273a8]" name="launchbrowser" is-config="true" duration-ms="20683" started-at="2020-03-28T08:45:04Z" finished-at="2020-03-28T08:45:25Z">
          <reporter-output>
          </reporter-output>
        </test-method> <!-- launchbrowser -->
        <test-method status="PASS" signature="launchAPP()[pri:0, instance:com.cts.basepaget.TestMainPage@7a9273a8]" name="launchAPP" is-config="true" duration-ms="22" started-at="2020-03-28T08:45:25Z" finished-at="2020-03-28T08:45:25Z">
          <reporter-output>
          </reporter-output>
        </test-method> <!-- launchAPP -->
        <test-method status="PASS" signature="testreg()[pri:0, instance:com.cts.basepaget.TestMainPage@7a9273a8]" name="testreg" duration-ms="22607" started-at="2020-03-28T08:45:26Z" finished-at="2020-03-28T08:45:48Z">
          <reporter-output>
          </reporter-output>
        </test-method> <!-- testreg -->
        <test-method status="PASS" signature="close()[pri:0, instance:com.cts.basepaget.TestMainPage@7a9273a8]" name="close" is-config="true" duration-ms="951" started-at="2020-03-28T08:45:48Z" finished-at="2020-03-28T08:45:49Z">
          <reporter-output>
          </reporter-output>
        </test-method> <!-- close -->
      </class> <!-- com.cts.basepaget.TestMainPage -->
    </test> <!-- chrome-test -->
  </suite> <!-- Suite -->
</testng-results>
