<?xml version="1.0" encoding="UTF-8"?>
<!-- Generated by org.testng.reporters.JUnitXMLReporter -->
<testsuite hostname="LAPTOP-DVJDDLRA" ignored="0" name="chrome-test" tests="3" failures="0" timestamp="04 Apr 2020 08:41:08 GMT" time="45.276" errors="0">
  <testcase name="login" time="2.607" classname="com.cts.tests.TestDashboard"/>
  <testcase name="login" time="5.812" classname="com.cts.tests.TestDashboard"/>
  <testcase name="testleaves" time="8.533" classname="com.cts.tests.TestDashboard"/>
</testsuite> <!-- chrome-test -->
