<?xml version="1.0" encoding="UTF-8"?>
<testng-results skipped="0" failed="0" ignored="0" total="3" passed="3">
  <reporter-output>
  </reporter-output>
  <suite name="Suite" duration-ms="45276" started-at="2020-04-04T08:40:22Z" finished-at="2020-04-04T08:41:08Z">
    <groups>
    </groups>
    <test name="chrome-test" duration-ms="45276" started-at="2020-04-04T08:40:22Z" finished-at="2020-04-04T08:41:08Z">
      <class name="com.cts.tests.TestDashboard">
        <test-method status="PASS" signature="initDriver(java.lang.String)[pri:0, instance:com.cts.tests.TestDashboard@689604d9]" name="initDriver" is-config="true" duration-ms="20836" started-at="2020-04-04T08:40:22Z" finished-at="2020-04-04T08:40:43Z">
          <params>
            <param index="0">
              <value>
                <![CDATA[chrome]]>
              </value>
            </param>
          </params>
          <reporter-output>
          </reporter-output>
        </test-method> <!-- initDriver -->
        <test-method status="PASS" signature="login(java.lang.String, java.lang.String)[pri:0, instance:com.cts.tests.TestDashboard@689604d9]" name="login" duration-ms="2607" started-at="2020-04-04T08:40:47Z" data-provider="UserDetails" finished-at="2020-04-04T08:40:49Z">
          <params>
            <param index="0">
              <value>
                <![CDATA[Nagendra1998]]>
              </value>
            </param>
            <param index="1">
              <value>
                <![CDATA[nagendra0106]]>
              </value>
            </param>
          </params>
          <reporter-output>
          </reporter-output>
        </test-method> <!-- login -->
        <test-method status="PASS" signature="login(java.lang.String, java.lang.String)[pri:0, instance:com.cts.tests.TestDashboard@689604d9]" name="login" duration-ms="5812" started-at="2020-04-04T08:40:50Z" data-provider="UserDetails" finished-at="2020-04-04T08:40:56Z">
          <params>
            <param index="0">
              <value>
                <![CDATA[Admin]]>
              </value>
            </param>
            <param index="1">
              <value>
                <![CDATA[admin123]]>
              </value>
            </param>
          </params>
          <reporter-output>
          </reporter-output>
        </test-method> <!-- login -->
        <test-method status="PASS" signature="testleaves()[pri:0, instance:com.cts.tests.TestDashboard@689604d9]" name="testleaves" duration-ms="8533" started-at="2020-04-04T08:40:57Z" finished-at="2020-04-04T08:41:06Z">
          <reporter-output>
          </reporter-output>
        </test-method> <!-- testleaves -->
        <test-method status="PASS" signature="close()[pri:0, instance:com.cts.tests.TestDashboard@689604d9]" name="close" is-config="true" duration-ms="1364" started-at="2020-04-04T08:41:06Z" finished-at="2020-04-04T08:41:08Z">
          <reporter-output>
          </reporter-output>
        </test-method> <!-- close -->
      </class> <!-- com.cts.tests.TestDashboard -->
    </test> <!-- chrome-test -->
  </suite> <!-- Suite -->
</testng-results>
